<?xml version="1.0" encoding="UTF-8"?>
<coverage generated="1678488153928" clover="3.2.0">
  <project timestamp="1678488153928" name="All files">
    <metrics statements="23" coveredstatements="22" conditionals="4" coveredconditionals="3" methods="4" coveredmethods="4" elements="31" coveredelements="29" complexity="0" loc="23" ncloc="23" packages="3" files="3" classes="3"/>
    <package name="domain">
      <metrics statements="6" coveredstatements="6" conditionals="0" coveredconditionals="0" methods="1" coveredmethods="1"/>
      <file name="clinics.service.ts" path="D:\clinics-service\test\domain\clinics.service.ts">
        <metrics statements="6" coveredstatements="6" conditionals="0" coveredconditionals="0" methods="1" coveredmethods="1"/>
        <line num="1" count="3" type="stmt"/>
        <line num="2" count="3" type="stmt"/>
        <line num="3" count="3" type="stmt"/>
        <line num="5" count="3" type="stmt"/>
        <line num="7" count="36" type="stmt"/>
        <line num="8" count="36" type="stmt"/>
      </file>
    </package>
    <package name="shared.constants">
      <metrics statements="2" coveredstatements="2" conditionals="0" coveredconditionals="0" methods="0" coveredmethods="0"/>
      <file name="index.ts" path="D:\clinics-service\test\shared\constants\index.ts">
        <metrics statements="2" coveredstatements="2" conditionals="0" coveredconditionals="0" methods="0" coveredmethods="0"/>
        <line num="1" count="3" type="stmt"/>
        <line num="124" count="3" type="stmt"/>
      </file>
    </package>
    <package name="shared.repository">
      <metrics statements="15" coveredstatements="14" conditionals="4" coveredconditionals="3" methods="3" coveredmethods="3"/>
      <file name="mockup.data.ts" path="D:\clinics-service\test\shared\repository\mockup.data.ts">
        <metrics statements="15" coveredstatements="14" conditionals="4" coveredconditionals="3" methods="3" coveredmethods="3"/>
        <line num="1" count="3" type="stmt"/>
        <line num="2" count="3" type="stmt"/>
        <line num="3" count="3" type="stmt"/>
        <line num="4" count="3" type="stmt"/>
        <line num="6" count="3" type="stmt"/>
        <line num="8" count="36" type="stmt"/>
        <line num="9" count="36" type="stmt"/>
        <line num="11" count="36" type="stmt"/>
        <line num="12" count="540" type="stmt"/>
        <line num="18" count="540" type="cond" truecount="0" falsecount="1"/>
        <line num="19" count="0" type="stmt"/>
        <line num="22" count="540" type="cond" truecount="1" falsecount="0"/>
        <line num="25" count="3744" type="cond" truecount="2" falsecount="0"/>
        <line num="29" count="504" type="stmt"/>
        <line num="33" count="36" type="stmt"/>
      </file>
    </package>
  </project>
</coverage>
