{"D:\\clinics-service\\test\\domain\\clinics.service.ts": {"path":"D:\\clinics-service\\test\\domain\\clinics.service.ts","statementMap":{"0":{"start":{"line":1,"column":0},"end":{"line":1,"column":66}},"1":{"start":{"line":2,"column":0},"end":{"line":2,"column":55}},"2":{"start":{"line":3,"column":0},"end":{"line":3,"column":68}},"3":{"start":{"line":7,"column":4},"end":{"line":7,"column":12}},"4":{"start":{"line":8,"column":4},"end":{"line":8,"column":73}},"5":{"start":{"line":5,"column":0},"end":{"line":5,"column":13}}},"fnMap":{"0":{"name":"(anonymous_0)","decl":{"start":{"line":6,"column":2},"end":{"line":6,"column":null}},"loc":{"start":{"line":6,"column":2},"end":{"line":9,"column":3}}}},"branchMap":{},"s":{"0":3,"1":3,"2":3,"3":36,"4":36,"5":3},"f":{"0":36},"b":{}}
,"D:\\clinics-service\\test\\shared\\constants\\index.ts": {"path":"D:\\clinics-service\\test\\shared\\constants\\index.ts","statementMap":{"0":{"start":{"line":1,"column":13},"end":{"line":122,"column":2}},"1":{"start":{"line":124,"column":13},"end":{"line":133,"column":2}}},"fnMap":{},"branchMap":{},"s":{"0":3,"1":3},"f":{},"b":{}}
,"D:\\clinics-service\\test\\shared\\repository\\mockup.data.ts": {"path":"D:\\clinics-service\\test\\shared\\repository\\mockup.data.ts","statementMap":{"0":{"start":{"line":1,"column":0},"end":{"line":1,"column":61}},"1":{"start":{"line":2,"column":0},"end":{"line":2,"column":42}},"2":{"start":{"line":3,"column":0},"end":{"line":3,"column":43}},"3":{"start":{"line":4,"column":0},"end":{"line":4,"column":63}},"4":{"start":{"line":8,"column":4},"end":{"line":8,"column":12}},"5":{"start":{"line":9,"column":23},"end":{"line":9,"column":25}},"6":{"start":{"line":11,"column":4},"end":{"line":31,"column":7}},"7":{"start":{"line":12,"column":6},"end":{"line":16,"column":8}},"8":{"start":{"line":18,"column":6},"end":{"line":20,"column":null}},"9":{"start":{"line":19,"column":8},"end":{"line":19,"column":67}},"10":{"start":{"line":22,"column":6},"end":{"line":30,"column":null}},"11":{"start":{"line":25,"column":12},"end":{"line":26,"column":57}},"12":{"start":{"line":29,"column":8},"end":{"line":29,"column":32}},"13":{"start":{"line":33,"column":4},"end":{"line":33,"column":40}},"14":{"start":{"line":6,"column":0},"end":{"line":6,"column":13}}},"fnMap":{"0":{"name":"(anonymous_0)","decl":{"start":{"line":7,"column":2},"end":{"line":7,"column":null}},"loc":{"start":{"line":7,"column":2},"end":{"line":34,"column":3}}},"1":{"name":"(anonymous_1)","decl":{"start":{"line":11,"column":19},"end":{"line":11,"column":20}},"loc":{"start":{"line":11,"column":38},"end":{"line":31,"column":5}}},"2":{"name":"(anonymous_2)","decl":{"start":{"line":24,"column":10},"end":{"line":24,"column":11}},"loc":{"start":{"line":25,"column":12},"end":{"line":26,"column":57}}}},"branchMap":{"0":{"loc":{"start":{"line":18,"column":6},"end":{"line":20,"column":null}},"type":"if","locations":[{"start":{"line":18,"column":6},"end":{"line":20,"column":null}}]},"1":{"loc":{"start":{"line":22,"column":6},"end":{"line":30,"column":null}},"type":"if","locations":[{"start":{"line":22,"column":6},"end":{"line":30,"column":null}}]},"2":{"loc":{"start":{"line":25,"column":12},"end":{"line":26,"column":57}},"type":"binary-expr","locations":[{"start":{"line":25,"column":12},"end":{"line":25,"column":47}},{"start":{"line":26,"column":12},"end":{"line":26,"column":57}}]}},"s":{"0":3,"1":3,"2":3,"3":3,"4":36,"5":36,"6":36,"7":540,"8":540,"9":0,"10":540,"11":3744,"12":504,"13":36,"14":3},"f":{"0":36,"1":540,"2":3744},"b":{"0":[0],"1":[504],"2":[3744,72]}}
}
