TN:
SF:test\domain\clinics.service.ts
FN:6,(anonymous_0)
FNF:1
FNH:1
FNDA:36,(anonymous_0)
DA:1,3
DA:2,3
DA:3,3
DA:5,3
DA:7,36
DA:8,36
LF:6
LH:6
BRF:0
BRH:0
end_of_record
TN:
SF:test\shared\constants\index.ts
FNF:0
FNH:0
DA:1,3
DA:124,3
LF:2
LH:2
BRF:0
BRH:0
end_of_record
TN:
SF:test\shared\repository\mockup.data.ts
FN:7,(anonymous_0)
FN:11,(anonymous_1)
FN:24,(anonymous_2)
FNF:3
FNH:3
FNDA:36,(anonymous_0)
FNDA:540,(anonymous_1)
FNDA:3744,(anonymous_2)
DA:1,3
DA:2,3
DA:3,3
DA:4,3
DA:6,3
DA:8,36
DA:9,36
DA:11,36
DA:12,540
DA:18,540
DA:19,0
DA:22,540
DA:25,3744
DA:29,504
DA:33,36
LF:15
LH:14
BRDA:18,0,0,0
BRDA:22,1,0,504
BRDA:25,2,0,3744
BRDA:25,2,1,72
BRF:4
BRH:3
end_of_record
